ALU Testbench Log
PASS @ 10000:  ADD  a=01 b=01  out=02
PASS @ 20000:  ADD  a=01 b=02  out=03
PASS @ 30000:  ADD  a=01 b=04  out=05
PASS @ 40000:  ADD  a=01 b=08  out=09
PASS @ 50000:  ADD  a=01 b=10  out=11
PASS @ 60000:  ADD  a=01 b=20  out=21
PASS @ 70000:  ADD  a=01 b=40  out=41
PASS @ 80000:  ADD  a=01 b=80  out=81
PASS @ 90000:  ADD  a=02 b=01  out=03
PASS @ 100000:  ADD  a=02 b=02  out=04
PASS @ 110000:  ADD  a=02 b=04  out=06
PASS @ 120000:  ADD  a=02 b=08  out=0a
PASS @ 130000:  ADD  a=02 b=10  out=12
PASS @ 140000:  ADD  a=02 b=20  out=22
PASS @ 150000:  ADD  a=02 b=40  out=42
PASS @ 160000:  ADD  a=02 b=80  out=82
PASS @ 170000:  ADD  a=04 b=01  out=05
PASS @ 180000:  ADD  a=04 b=02  out=06
PASS @ 190000:  ADD  a=04 b=04  out=08
PASS @ 200000:  ADD  a=04 b=08  out=0c
PASS @ 210000:  ADD  a=04 b=10  out=14
PASS @ 220000:  ADD  a=04 b=20  out=24
PASS @ 230000:  ADD  a=04 b=40  out=44
PASS @ 240000:  ADD  a=04 b=80  out=84
PASS @ 250000:  ADD  a=08 b=01  out=09
PASS @ 260000:  ADD  a=08 b=02  out=0a
PASS @ 270000:  ADD  a=08 b=04  out=0c
PASS @ 280000:  ADD  a=08 b=08  out=10
PASS @ 290000:  ADD  a=08 b=10  out=18
PASS @ 300000:  ADD  a=08 b=20  out=28
PASS @ 310000:  ADD  a=08 b=40  out=48
PASS @ 320000:  ADD  a=08 b=80  out=88
PASS @ 330000:  ADD  a=10 b=01  out=11
PASS @ 340000:  ADD  a=10 b=02  out=12
PASS @ 350000:  ADD  a=10 b=04  out=14
PASS @ 360000:  ADD  a=10 b=08  out=18
PASS @ 370000:  ADD  a=10 b=10  out=20
PASS @ 380000:  ADD  a=10 b=20  out=30
PASS @ 390000:  ADD  a=10 b=40  out=50
PASS @ 400000:  ADD  a=10 b=80  out=90
PASS @ 410000:  ADD  a=20 b=01  out=21
PASS @ 420000:  ADD  a=20 b=02  out=22
PASS @ 430000:  ADD  a=20 b=04  out=24
PASS @ 440000:  ADD  a=20 b=08  out=28
PASS @ 450000:  ADD  a=20 b=10  out=30
PASS @ 460000:  ADD  a=20 b=20  out=40
PASS @ 470000:  ADD  a=20 b=40  out=60
PASS @ 480000:  ADD  a=20 b=80  out=a0
PASS @ 490000:  ADD  a=40 b=01  out=41
PASS @ 500000:  ADD  a=40 b=02  out=42
PASS @ 510000:  ADD  a=40 b=04  out=44
PASS @ 520000:  ADD  a=40 b=08  out=48
PASS @ 530000:  ADD  a=40 b=10  out=50
PASS @ 540000:  ADD  a=40 b=20  out=60
PASS @ 550000:  ADD  a=40 b=40  out=80
PASS @ 560000:  ADD  a=40 b=80  out=c0
PASS @ 570000:  ADD  a=80 b=01  out=81
PASS @ 580000:  ADD  a=80 b=02  out=82
PASS @ 590000:  ADD  a=80 b=04  out=84
PASS @ 600000:  ADD  a=80 b=08  out=88
PASS @ 610000:  ADD  a=80 b=10  out=90
PASS @ 620000:  ADD  a=80 b=20  out=a0
PASS @ 630000:  ADD  a=80 b=40  out=c0
PASS @ 640000:  ADD  a=80 b=80  out=00
PASS @ 650000:  SUB  a=01 b=01  out=00
PASS @ 660000:  SUB  a=01 b=02  out=ff
PASS @ 670000:  SUB  a=01 b=04  out=fd
PASS @ 680000:  SUB  a=01 b=08  out=f9
PASS @ 690000:  SUB  a=01 b=10  out=f1
PASS @ 700000:  SUB  a=01 b=20  out=e1
PASS @ 710000:  SUB  a=01 b=40  out=c1
PASS @ 720000:  SUB  a=01 b=80  out=81
PASS @ 730000:  SUB  a=02 b=01  out=01
PASS @ 740000:  SUB  a=02 b=02  out=00
PASS @ 750000:  SUB  a=02 b=04  out=fe
PASS @ 760000:  SUB  a=02 b=08  out=fa
PASS @ 770000:  SUB  a=02 b=10  out=f2
PASS @ 780000:  SUB  a=02 b=20  out=e2
PASS @ 790000:  SUB  a=02 b=40  out=c2
PASS @ 800000:  SUB  a=02 b=80  out=82
PASS @ 810000:  SUB  a=04 b=01  out=03
PASS @ 820000:  SUB  a=04 b=02  out=02
PASS @ 830000:  SUB  a=04 b=04  out=00
PASS @ 840000:  SUB  a=04 b=08  out=fc
PASS @ 850000:  SUB  a=04 b=10  out=f4
PASS @ 860000:  SUB  a=04 b=20  out=e4
PASS @ 870000:  SUB  a=04 b=40  out=c4
PASS @ 880000:  SUB  a=04 b=80  out=84
PASS @ 890000:  SUB  a=08 b=01  out=07
PASS @ 900000:  SUB  a=08 b=02  out=06
PASS @ 910000:  SUB  a=08 b=04  out=04
PASS @ 920000:  SUB  a=08 b=08  out=00
PASS @ 930000:  SUB  a=08 b=10  out=f8
PASS @ 940000:  SUB  a=08 b=20  out=e8
PASS @ 950000:  SUB  a=08 b=40  out=c8
PASS @ 960000:  SUB  a=08 b=80  out=88
PASS @ 970000:  SUB  a=10 b=01  out=0f
PASS @ 980000:  SUB  a=10 b=02  out=0e
PASS @ 990000:  SUB  a=10 b=04  out=0c
PASS @ 1000000:  SUB  a=10 b=08  out=08
PASS @ 1010000:  SUB  a=10 b=10  out=00
PASS @ 1020000:  SUB  a=10 b=20  out=f0
PASS @ 1030000:  SUB  a=10 b=40  out=d0
PASS @ 1040000:  SUB  a=10 b=80  out=90
PASS @ 1050000:  SUB  a=20 b=01  out=1f
PASS @ 1060000:  SUB  a=20 b=02  out=1e
PASS @ 1070000:  SUB  a=20 b=04  out=1c
PASS @ 1080000:  SUB  a=20 b=08  out=18
PASS @ 1090000:  SUB  a=20 b=10  out=10
PASS @ 1100000:  SUB  a=20 b=20  out=00
PASS @ 1110000:  SUB  a=20 b=40  out=e0
PASS @ 1120000:  SUB  a=20 b=80  out=a0
PASS @ 1130000:  SUB  a=40 b=01  out=3f
PASS @ 1140000:  SUB  a=40 b=02  out=3e
PASS @ 1150000:  SUB  a=40 b=04  out=3c
PASS @ 1160000:  SUB  a=40 b=08  out=38
PASS @ 1170000:  SUB  a=40 b=10  out=30
PASS @ 1180000:  SUB  a=40 b=20  out=20
PASS @ 1190000:  SUB  a=40 b=40  out=00
PASS @ 1200000:  SUB  a=40 b=80  out=c0
PASS @ 1210000:  SUB  a=80 b=01  out=7f
PASS @ 1220000:  SUB  a=80 b=02  out=7e
PASS @ 1230000:  SUB  a=80 b=04  out=7c
PASS @ 1240000:  SUB  a=80 b=08  out=78
PASS @ 1250000:  SUB  a=80 b=10  out=70
PASS @ 1260000:  SUB  a=80 b=20  out=60
PASS @ 1270000:  SUB  a=80 b=40  out=40
PASS @ 1280000:  SUB  a=80 b=80  out=00
PASS @ 1290000:  AND  a=00 b=00  out=00
PASS @ 1300000:  AND  a=00 b=33  out=00
PASS @ 1310000:  AND  a=00 b=66  out=00
PASS @ 1320000:  AND  a=00 b=99  out=00
PASS @ 1330000:  AND  a=00 b=cc  out=00
PASS @ 1340000:  AND  a=00 b=ff  out=00
PASS @ 1350000:  AND  a=11 b=00  out=00
PASS @ 1360000:  AND  a=11 b=33  out=11
PASS @ 1370000:  AND  a=11 b=66  out=00
PASS @ 1380000:  AND  a=11 b=99  out=11
PASS @ 1390000:  AND  a=11 b=cc  out=00
PASS @ 1400000:  AND  a=11 b=ff  out=11
PASS @ 1410000:  AND  a=22 b=00  out=00
PASS @ 1420000:  AND  a=22 b=33  out=22
PASS @ 1430000:  AND  a=22 b=66  out=22
PASS @ 1440000:  AND  a=22 b=99  out=00
PASS @ 1450000:  AND  a=22 b=cc  out=00
PASS @ 1460000:  AND  a=22 b=ff  out=22
PASS @ 1470000:  AND  a=33 b=00  out=00
PASS @ 1480000:  AND  a=33 b=33  out=33
PASS @ 1490000:  AND  a=33 b=66  out=22
PASS @ 1500000:  AND  a=33 b=99  out=11
PASS @ 1510000:  AND  a=33 b=cc  out=00
PASS @ 1520000:  AND  a=33 b=ff  out=33
PASS @ 1530000:  AND  a=44 b=00  out=00
PASS @ 1540000:  AND  a=44 b=33  out=00
PASS @ 1550000:  AND  a=44 b=66  out=44
PASS @ 1560000:  AND  a=44 b=99  out=00
PASS @ 1570000:  AND  a=44 b=cc  out=44
PASS @ 1580000:  AND  a=44 b=ff  out=44
PASS @ 1590000:  AND  a=55 b=00  out=00
PASS @ 1600000:  AND  a=55 b=33  out=11
PASS @ 1610000:  AND  a=55 b=66  out=44
PASS @ 1620000:  AND  a=55 b=99  out=11
PASS @ 1630000:  AND  a=55 b=cc  out=44
PASS @ 1640000:  AND  a=55 b=ff  out=55
PASS @ 1650000:  AND  a=66 b=00  out=00
PASS @ 1660000:  AND  a=66 b=33  out=22
PASS @ 1670000:  AND  a=66 b=66  out=66
PASS @ 1680000:  AND  a=66 b=99  out=00
PASS @ 1690000:  AND  a=66 b=cc  out=44
PASS @ 1700000:  AND  a=66 b=ff  out=66
PASS @ 1710000:  AND  a=77 b=00  out=00
PASS @ 1720000:  AND  a=77 b=33  out=33
PASS @ 1730000:  AND  a=77 b=66  out=66
PASS @ 1740000:  AND  a=77 b=99  out=11
PASS @ 1750000:  AND  a=77 b=cc  out=44
PASS @ 1760000:  AND  a=77 b=ff  out=77
PASS @ 1770000:  AND  a=88 b=00  out=00
PASS @ 1780000:  AND  a=88 b=33  out=00
PASS @ 1790000:  AND  a=88 b=66  out=00
PASS @ 1800000:  AND  a=88 b=99  out=88
PASS @ 1810000:  AND  a=88 b=cc  out=88
PASS @ 1820000:  AND  a=88 b=ff  out=88
PASS @ 1830000:  AND  a=99 b=00  out=00
PASS @ 1840000:  AND  a=99 b=33  out=11
PASS @ 1850000:  AND  a=99 b=66  out=00
PASS @ 1860000:  AND  a=99 b=99  out=99
PASS @ 1870000:  AND  a=99 b=cc  out=88
PASS @ 1880000:  AND  a=99 b=ff  out=99
PASS @ 1890000:  AND  a=aa b=00  out=00
PASS @ 1900000:  AND  a=aa b=33  out=22
PASS @ 1910000:  AND  a=aa b=66  out=22
PASS @ 1920000:  AND  a=aa b=99  out=88
PASS @ 1930000:  AND  a=aa b=cc  out=88
PASS @ 1940000:  AND  a=aa b=ff  out=aa
PASS @ 1950000:  AND  a=bb b=00  out=00
PASS @ 1960000:  AND  a=bb b=33  out=33
PASS @ 1970000:  AND  a=bb b=66  out=22
PASS @ 1980000:  AND  a=bb b=99  out=99
PASS @ 1990000:  AND  a=bb b=cc  out=88
PASS @ 2000000:  AND  a=bb b=ff  out=bb
PASS @ 2010000:  AND  a=cc b=00  out=00
PASS @ 2020000:  AND  a=cc b=33  out=00
PASS @ 2030000:  AND  a=cc b=66  out=44
PASS @ 2040000:  AND  a=cc b=99  out=88
PASS @ 2050000:  AND  a=cc b=cc  out=cc
PASS @ 2060000:  AND  a=cc b=ff  out=cc
PASS @ 2070000:  AND  a=dd b=00  out=00
PASS @ 2080000:  AND  a=dd b=33  out=11
PASS @ 2090000:  AND  a=dd b=66  out=44
PASS @ 2100000:  AND  a=dd b=99  out=99
PASS @ 2110000:  AND  a=dd b=cc  out=cc
PASS @ 2120000:  AND  a=dd b=ff  out=dd
PASS @ 2130000:  AND  a=ee b=00  out=00
PASS @ 2140000:  AND  a=ee b=33  out=22
PASS @ 2150000:  AND  a=ee b=66  out=66
PASS @ 2160000:  AND  a=ee b=99  out=88
PASS @ 2170000:  AND  a=ee b=cc  out=cc
PASS @ 2180000:  AND  a=ee b=ff  out=ee
PASS @ 2190000:  AND  a=ff b=00  out=00
PASS @ 2200000:  AND  a=ff b=33  out=33
PASS @ 2210000:  AND  a=ff b=66  out=66
PASS @ 2220000:  AND  a=ff b=99  out=99
PASS @ 2230000:  AND  a=ff b=cc  out=cc
PASS @ 2240000:  AND  a=ff b=ff  out=ff
PASS @ 2250000:  OR   a=00 b=00  out=00
PASS @ 2260000:  OR   a=00 b=33  out=33
PASS @ 2270000:  OR   a=00 b=66  out=66
PASS @ 2280000:  OR   a=00 b=99  out=99
PASS @ 2290000:  OR   a=00 b=cc  out=cc
PASS @ 2300000:  OR   a=00 b=ff  out=ff
PASS @ 2310000:  OR   a=11 b=00  out=11
PASS @ 2320000:  OR   a=11 b=33  out=33
PASS @ 2330000:  OR   a=11 b=66  out=77
PASS @ 2340000:  OR   a=11 b=99  out=99
PASS @ 2350000:  OR   a=11 b=cc  out=dd
PASS @ 2360000:  OR   a=11 b=ff  out=ff
PASS @ 2370000:  OR   a=22 b=00  out=22
PASS @ 2380000:  OR   a=22 b=33  out=33
PASS @ 2390000:  OR   a=22 b=66  out=66
PASS @ 2400000:  OR   a=22 b=99  out=bb
PASS @ 2410000:  OR   a=22 b=cc  out=ee
PASS @ 2420000:  OR   a=22 b=ff  out=ff
PASS @ 2430000:  OR   a=33 b=00  out=33
PASS @ 2440000:  OR   a=33 b=33  out=33
PASS @ 2450000:  OR   a=33 b=66  out=77
PASS @ 2460000:  OR   a=33 b=99  out=bb
PASS @ 2470000:  OR   a=33 b=cc  out=ff
PASS @ 2480000:  OR   a=33 b=ff  out=ff
PASS @ 2490000:  OR   a=44 b=00  out=44
PASS @ 2500000:  OR   a=44 b=33  out=77
PASS @ 2510000:  OR   a=44 b=66  out=66
PASS @ 2520000:  OR   a=44 b=99  out=dd
PASS @ 2530000:  OR   a=44 b=cc  out=cc
PASS @ 2540000:  OR   a=44 b=ff  out=ff
PASS @ 2550000:  OR   a=55 b=00  out=55
PASS @ 2560000:  OR   a=55 b=33  out=77
PASS @ 2570000:  OR   a=55 b=66  out=77
PASS @ 2580000:  OR   a=55 b=99  out=dd
PASS @ 2590000:  OR   a=55 b=cc  out=dd
PASS @ 2600000:  OR   a=55 b=ff  out=ff
PASS @ 2610000:  OR   a=66 b=00  out=66
PASS @ 2620000:  OR   a=66 b=33  out=77
PASS @ 2630000:  OR   a=66 b=66  out=66
PASS @ 2640000:  OR   a=66 b=99  out=ff
PASS @ 2650000:  OR   a=66 b=cc  out=ee
PASS @ 2660000:  OR   a=66 b=ff  out=ff
PASS @ 2670000:  OR   a=77 b=00  out=77
PASS @ 2680000:  OR   a=77 b=33  out=77
PASS @ 2690000:  OR   a=77 b=66  out=77
PASS @ 2700000:  OR   a=77 b=99  out=ff
PASS @ 2710000:  OR   a=77 b=cc  out=ff
PASS @ 2720000:  OR   a=77 b=ff  out=ff
PASS @ 2730000:  OR   a=88 b=00  out=88
PASS @ 2740000:  OR   a=88 b=33  out=bb
PASS @ 2750000:  OR   a=88 b=66  out=ee
PASS @ 2760000:  OR   a=88 b=99  out=99
PASS @ 2770000:  OR   a=88 b=cc  out=cc
PASS @ 2780000:  OR   a=88 b=ff  out=ff
PASS @ 2790000:  OR   a=99 b=00  out=99
PASS @ 2800000:  OR   a=99 b=33  out=bb
PASS @ 2810000:  OR   a=99 b=66  out=ff
PASS @ 2820000:  OR   a=99 b=99  out=99
PASS @ 2830000:  OR   a=99 b=cc  out=dd
PASS @ 2840000:  OR   a=99 b=ff  out=ff
PASS @ 2850000:  OR   a=aa b=00  out=aa
PASS @ 2860000:  OR   a=aa b=33  out=bb
PASS @ 2870000:  OR   a=aa b=66  out=ee
PASS @ 2880000:  OR   a=aa b=99  out=bb
PASS @ 2890000:  OR   a=aa b=cc  out=ee
PASS @ 2900000:  OR   a=aa b=ff  out=ff
PASS @ 2910000:  OR   a=bb b=00  out=bb
PASS @ 2920000:  OR   a=bb b=33  out=bb
PASS @ 2930000:  OR   a=bb b=66  out=ff
PASS @ 2940000:  OR   a=bb b=99  out=bb
PASS @ 2950000:  OR   a=bb b=cc  out=ff
PASS @ 2960000:  OR   a=bb b=ff  out=ff
PASS @ 2970000:  OR   a=cc b=00  out=cc
PASS @ 2980000:  OR   a=cc b=33  out=ff
PASS @ 2990000:  OR   a=cc b=66  out=ee
PASS @ 3000000:  OR   a=cc b=99  out=dd
PASS @ 3010000:  OR   a=cc b=cc  out=cc
PASS @ 3020000:  OR   a=cc b=ff  out=ff
PASS @ 3030000:  OR   a=dd b=00  out=dd
PASS @ 3040000:  OR   a=dd b=33  out=ff
PASS @ 3050000:  OR   a=dd b=66  out=ff
PASS @ 3060000:  OR   a=dd b=99  out=dd
PASS @ 3070000:  OR   a=dd b=cc  out=dd
PASS @ 3080000:  OR   a=dd b=ff  out=ff
PASS @ 3090000:  OR   a=ee b=00  out=ee
PASS @ 3100000:  OR   a=ee b=33  out=ff
PASS @ 3110000:  OR   a=ee b=66  out=ee
PASS @ 3120000:  OR   a=ee b=99  out=ff
PASS @ 3130000:  OR   a=ee b=cc  out=ee
PASS @ 3140000:  OR   a=ee b=ff  out=ff
PASS @ 3150000:  OR   a=ff b=00  out=ff
PASS @ 3160000:  OR   a=ff b=33  out=ff
PASS @ 3170000:  OR   a=ff b=66  out=ff
PASS @ 3180000:  OR   a=ff b=99  out=ff
PASS @ 3190000:  OR   a=ff b=cc  out=ff
PASS @ 3200000:  OR   a=ff b=ff  out=ff
PASS @ 3210000:  XOR  a=00 b=00  out=00
PASS @ 3220000:  XOR  a=00 b=33  out=33
PASS @ 3230000:  XOR  a=00 b=66  out=66
PASS @ 3240000:  XOR  a=00 b=99  out=99
PASS @ 3250000:  XOR  a=00 b=cc  out=cc
PASS @ 3260000:  XOR  a=00 b=ff  out=ff
PASS @ 3270000:  XOR  a=11 b=00  out=11
PASS @ 3280000:  XOR  a=11 b=33  out=22
PASS @ 3290000:  XOR  a=11 b=66  out=77
PASS @ 3300000:  XOR  a=11 b=99  out=88
PASS @ 3310000:  XOR  a=11 b=cc  out=dd
PASS @ 3320000:  XOR  a=11 b=ff  out=ee
PASS @ 3330000:  XOR  a=22 b=00  out=22
PASS @ 3340000:  XOR  a=22 b=33  out=11
PASS @ 3350000:  XOR  a=22 b=66  out=44
PASS @ 3360000:  XOR  a=22 b=99  out=bb
PASS @ 3370000:  XOR  a=22 b=cc  out=ee
PASS @ 3380000:  XOR  a=22 b=ff  out=dd
PASS @ 3390000:  XOR  a=33 b=00  out=33
PASS @ 3400000:  XOR  a=33 b=33  out=00
PASS @ 3410000:  XOR  a=33 b=66  out=55
PASS @ 3420000:  XOR  a=33 b=99  out=aa
PASS @ 3430000:  XOR  a=33 b=cc  out=ff
PASS @ 3440000:  XOR  a=33 b=ff  out=cc
PASS @ 3450000:  XOR  a=44 b=00  out=44
PASS @ 3460000:  XOR  a=44 b=33  out=77
PASS @ 3470000:  XOR  a=44 b=66  out=22
PASS @ 3480000:  XOR  a=44 b=99  out=dd
PASS @ 3490000:  XOR  a=44 b=cc  out=88
PASS @ 3500000:  XOR  a=44 b=ff  out=bb
PASS @ 3510000:  XOR  a=55 b=00  out=55
PASS @ 3520000:  XOR  a=55 b=33  out=66
PASS @ 3530000:  XOR  a=55 b=66  out=33
PASS @ 3540000:  XOR  a=55 b=99  out=cc
PASS @ 3550000:  XOR  a=55 b=cc  out=99
PASS @ 3560000:  XOR  a=55 b=ff  out=aa
PASS @ 3570000:  XOR  a=66 b=00  out=66
PASS @ 3580000:  XOR  a=66 b=33  out=55
PASS @ 3590000:  XOR  a=66 b=66  out=00
PASS @ 3600000:  XOR  a=66 b=99  out=ff
PASS @ 3610000:  XOR  a=66 b=cc  out=aa
PASS @ 3620000:  XOR  a=66 b=ff  out=99
PASS @ 3630000:  XOR  a=77 b=00  out=77
PASS @ 3640000:  XOR  a=77 b=33  out=44
PASS @ 3650000:  XOR  a=77 b=66  out=11
PASS @ 3660000:  XOR  a=77 b=99  out=ee
PASS @ 3670000:  XOR  a=77 b=cc  out=bb
PASS @ 3680000:  XOR  a=77 b=ff  out=88
PASS @ 3690000:  XOR  a=88 b=00  out=88
PASS @ 3700000:  XOR  a=88 b=33  out=bb
PASS @ 3710000:  XOR  a=88 b=66  out=ee
PASS @ 3720000:  XOR  a=88 b=99  out=11
PASS @ 3730000:  XOR  a=88 b=cc  out=44
PASS @ 3740000:  XOR  a=88 b=ff  out=77
PASS @ 3750000:  XOR  a=99 b=00  out=99
PASS @ 3760000:  XOR  a=99 b=33  out=aa
PASS @ 3770000:  XOR  a=99 b=66  out=ff
PASS @ 3780000:  XOR  a=99 b=99  out=00
PASS @ 3790000:  XOR  a=99 b=cc  out=55
PASS @ 3800000:  XOR  a=99 b=ff  out=66
PASS @ 3810000:  XOR  a=aa b=00  out=aa
PASS @ 3820000:  XOR  a=aa b=33  out=99
PASS @ 3830000:  XOR  a=aa b=66  out=cc
PASS @ 3840000:  XOR  a=aa b=99  out=33
PASS @ 3850000:  XOR  a=aa b=cc  out=66
PASS @ 3860000:  XOR  a=aa b=ff  out=55
PASS @ 3870000:  XOR  a=bb b=00  out=bb
PASS @ 3880000:  XOR  a=bb b=33  out=88
PASS @ 3890000:  XOR  a=bb b=66  out=dd
PASS @ 3900000:  XOR  a=bb b=99  out=22
PASS @ 3910000:  XOR  a=bb b=cc  out=77
PASS @ 3920000:  XOR  a=bb b=ff  out=44
PASS @ 3930000:  XOR  a=cc b=00  out=cc
PASS @ 3940000:  XOR  a=cc b=33  out=ff
PASS @ 3950000:  XOR  a=cc b=66  out=aa
PASS @ 3960000:  XOR  a=cc b=99  out=55
PASS @ 3970000:  XOR  a=cc b=cc  out=00
PASS @ 3980000:  XOR  a=cc b=ff  out=33
PASS @ 3990000:  XOR  a=dd b=00  out=dd
PASS @ 4000000:  XOR  a=dd b=33  out=ee
PASS @ 4010000:  XOR  a=dd b=66  out=bb
PASS @ 4020000:  XOR  a=dd b=99  out=44
PASS @ 4030000:  XOR  a=dd b=cc  out=11
PASS @ 4040000:  XOR  a=dd b=ff  out=22
PASS @ 4050000:  XOR  a=ee b=00  out=ee
PASS @ 4060000:  XOR  a=ee b=33  out=dd
PASS @ 4070000:  XOR  a=ee b=66  out=88
PASS @ 4080000:  XOR  a=ee b=99  out=77
PASS @ 4090000:  XOR  a=ee b=cc  out=22
PASS @ 4100000:  XOR  a=ee b=ff  out=11
PASS @ 4110000:  XOR  a=ff b=00  out=ff
PASS @ 4120000:  XOR  a=ff b=33  out=cc
PASS @ 4130000:  XOR  a=ff b=66  out=99
PASS @ 4140000:  XOR  a=ff b=99  out=66
PASS @ 4150000:  XOR  a=ff b=cc  out=33
PASS @ 4160000:  XOR  a=ff b=ff  out=00
PASS @ 4170000:  NOT  a=00 b=ff  out=ff
PASS @ 4180000:  NOT  a=11 b=ff  out=ee
PASS @ 4190000:  NOT  a=22 b=ff  out=dd
PASS @ 4200000:  NOT  a=33 b=ff  out=cc
PASS @ 4210000:  NOT  a=44 b=ff  out=bb
PASS @ 4220000:  NOT  a=55 b=ff  out=aa
PASS @ 4230000:  NOT  a=66 b=ff  out=99
PASS @ 4240000:  NOT  a=77 b=ff  out=88
PASS @ 4250000:  NOT  a=88 b=ff  out=77
PASS @ 4260000:  NOT  a=99 b=ff  out=66
PASS @ 4270000:  NOT  a=aa b=ff  out=55
PASS @ 4280000:  NOT  a=bb b=ff  out=44
PASS @ 4290000:  NOT  a=cc b=ff  out=33
PASS @ 4300000:  NOT  a=dd b=ff  out=22
PASS @ 4310000:  NOT  a=ee b=ff  out=11
PASS @ 4320000:  NOT  a=ff b=ff  out=00
PASS @ 4330000:  SHL  a=00 b=ff  out=00
PASS @ 4340000:  SHL  a=11 b=ff  out=22
PASS @ 4350000:  SHL  a=22 b=ff  out=44
PASS @ 4360000:  SHL  a=33 b=ff  out=66
PASS @ 4370000:  SHL  a=44 b=ff  out=88
PASS @ 4380000:  SHL  a=55 b=ff  out=aa
PASS @ 4390000:  SHL  a=66 b=ff  out=cc
PASS @ 4400000:  SHL  a=77 b=ff  out=ee
PASS @ 4410000:  SHL  a=88 b=ff  out=10
PASS @ 4420000:  SHL  a=99 b=ff  out=32
PASS @ 4430000:  SHL  a=aa b=ff  out=54
PASS @ 4440000:  SHL  a=bb b=ff  out=76
PASS @ 4450000:  SHL  a=cc b=ff  out=98
PASS @ 4460000:  SHL  a=dd b=ff  out=ba
PASS @ 4470000:  SHL  a=ee b=ff  out=dc
PASS @ 4480000:  SHL  a=ff b=ff  out=fe
PASS @ 4490000:  SHR  a=00 b=ff  out=00
PASS @ 4500000:  SHR  a=11 b=ff  out=08
PASS @ 4510000:  SHR  a=22 b=ff  out=11
PASS @ 4520000:  SHR  a=33 b=ff  out=19
PASS @ 4530000:  SHR  a=44 b=ff  out=22
PASS @ 4540000:  SHR  a=55 b=ff  out=2a
PASS @ 4550000:  SHR  a=66 b=ff  out=33
PASS @ 4560000:  SHR  a=77 b=ff  out=3b
PASS @ 4570000:  SHR  a=88 b=ff  out=44
PASS @ 4580000:  SHR  a=99 b=ff  out=4c
PASS @ 4590000:  SHR  a=aa b=ff  out=55
PASS @ 4600000:  SHR  a=bb b=ff  out=5d
PASS @ 4610000:  SHR  a=cc b=ff  out=66
PASS @ 4620000:  SHR  a=dd b=ff  out=6e
PASS @ 4630000:  SHR  a=ee b=ff  out=77
PASS @ 4640000:  SHR  a=ff b=ff  out=7f
